2024-07-01 15:37:00,607 - INFO - Checking SEC RSS feed for 8-K filings...
2024-07-01 15:37:00,651 - DEBUG - Starting new HTTPS connection (1): www.sec.gov:443
2024-07-01 15:37:00,807 - DEBUG - https://www.sec.gov:443 "GET /Archives/edgar/usgaap.rss.xml HTTP/1.1" 403 2176
2024-07-01 15:37:01,112 - INFO - Sleeping for 10 minutes before next check...
2024-07-01 15:47:01,103 - INFO - Checking SEC RSS feed for 8-K filings...
2024-07-01 15:47:01,165 - DEBUG - Starting new HTTPS connection (1): www.sec.gov:443
2024-07-01 15:47:01,247 - DEBUG - https://www.sec.gov:443 "GET /Archives/edgar/usgaap.rss.xml HTTP/1.1" 403 2177
2024-07-01 15:47:01,554 - INFO - Sleeping for 10 minutes before next check...
2024-07-01 15:57:01,575 - INFO - Checking SEC RSS feed for 8-K filings...
2024-07-01 15:57:01,703 - DEBUG - Starting new HTTPS connection (1): www.sec.gov:443
2024-07-01 15:57:01,892 - DEBUG - https://www.sec.gov:443 "GET /Archives/edgar/usgaap.rss.xml HTTP/1.1" 403 2178
2024-07-01 15:57:02,202 - INFO - Sleeping for 10 minutes before next check...
2024-07-01 16:01:54,631 - INFO - Checking SEC RSS feed for 8-K filings...
2024-07-01 16:01:54,719 - CRITICAL - Error fetching filings: HTTP Error 403: Forbidden
2024-07-01 16:01:54,720 - INFO - Sleeping for 10 minutes before next check...
2024-07-01 16:03:54,503 - INFO - Checking SEC RSS feed for 8-K filings...
2024-07-01 16:03:54,652 - CRITICAL - Error fetching filings: HTTP Error 403: Forbidden. Access to https://www.sec.gov/Archives/edgar/usgaap.rss.xml is denied.
2024-07-01 16:03:54,653 - INFO - Sleeping for 10 minutes before next check...
2024-07-01 16:04:31,158 - INFO - Checking SEC RSS feed for 8-K filings...
2024-07-01 16:04:31,400 - CRITICAL - Error fetching filings: HTTP Error 403: Forbidden. Access to https://www.sec.gov/Archives/edgar/usgaap.rss.xml is denied.
2024-07-01 16:15:11,173 - INFO - Checking SEC RSS feed for 8-K filings...
2024-07-01 16:15:11,216 - DEBUG - Starting new HTTPS connection (1): www.sec.gov:443
2024-07-01 16:15:11,284 - DEBUG - https://www.sec.gov:443 "GET /Archives/edgar/usgaap.rss.xml HTTP/1.1" 403 2175
2024-07-01 16:15:11,590 - INFO - Sleeping for 10 minutes before next check...
2024-07-01 16:20:36,526 - ERROR - Error retrieving CIK number: HTTP Error 403: Forbidden
2024-07-01 16:20:36,531 - ERROR - No CIK number found for the given company.
2024-07-01 16:20:57,933 - ERROR - Error retrieving CIK number: HTTP Error 403: Forbidden
2024-07-01 16:20:57,937 - ERROR - No CIK number found for the given company.
